<?xml version="1.0" encoding="UTF-8"?>
<!-- Generated by org.testng.reporters.JUnitXMLReporter -->
<testsuite ignored="0" hostname="PUNITP327515L" failures="1" tests="3" name="Error Validation" time="54.647" errors="0" timestamp="2024-01-05T16:54:27 IST">
  <testcase classname="FW24.Tests.ErrorValidationTests" name="cartProductErrorValidation" time="4.482"/>
  <testcase classname="FW24.Tests.ErrorValidationTests" name="loginErrorValidation" time="1.542">
    <skipped/>
  </testcase> <!-- loginErrorValidation -->
  <testcase classname="FW24.Tests.ErrorValidationTests" name="loginErrorValidation" time="2.883">
    <failure type="java.lang.AssertionError" message="expected [Incorrect email or passwor] but found [Incorrect email or password.]">
      <![CDATA[java.lang.AssertionError: expected [Incorrect email or passwor] but found [Incorrect email or password.]
at FW24.Tests.ErrorValidationTests.loginErrorValidation(ErrorValidationTests.java:21)
at java.base/java.util.ArrayList.forEach(ArrayList.java:1511)
at java.base/java.util.concurrent.FutureTask.run(FutureTask.java:264)
at java.base/java.util.concurrent.ThreadPoolExecutor.runWorker(ThreadPoolExecutor.java:1136)
at java.base/java.util.concurrent.ThreadPoolExecutor$Worker.run(ThreadPoolExecutor.java:635)
at java.base/java.lang.Thread.run(Thread.java:833)
... Removed 23 stack frames]]>
    </failure>
  </testcase> <!-- loginErrorValidation -->
</testsuite> <!-- Error Validation -->
